<?xml version='1.1' encoding='UTF-8'?>
<result plugin="junit@1.53">
  <suites>
    <suite>
      <file>/var/jenkins_home/workspace/cotacao-teste/target/surefire-reports/TEST-br.com.cotacao.fii.service.CotacaoFIIServiceTest.xml</file>
      <name>br.com.cotacao.fii.service.CotacaoFIIServiceTest</name>
      <duration>5.349</duration>
      <time>5.349</time>
      <enclosingBlocks/>
      <enclosingBlockNames/>
      <cases>
        <case>
          <duration>2.681</duration>
          <className>br.com.cotacao.fii.service.CotacaoFIIServiceTest</className>
          <testName>comparaCotacao</testName>
          <skipped>false</skipped>
          <failedSince>0</failedSince>
        </case>
        <case>
          <duration>0.795</duration>
          <className>br.com.cotacao.fii.service.CotacaoFIIServiceTest</className>
          <testName>listaCotacaoDataAtual</testName>
          <skipped>false</skipped>
          <failedSince>0</failedSince>
        </case>
        <case>
          <duration>1.078</duration>
          <className>br.com.cotacao.fii.service.CotacaoFIIServiceTest</className>
          <testName>listaCotacao5Dias</testName>
          <skipped>false</skipped>
          <failedSince>0</failedSince>
        </case>
        <case>
          <duration>0.783</duration>
          <className>br.com.cotacao.fii.service.CotacaoFIIServiceTest</className>
          <testName>listaCotacao30Dias</testName>
          <skipped>false</skipped>
          <failedSince>0</failedSince>
        </case>
      </cases>
    </suite>
    <suite>
      <file>/var/jenkins_home/workspace/cotacao-teste/target/surefire-reports/TEST-br.com.cotacao.fii.service.FIIServiceTest.xml</file>
      <name>br.com.cotacao.fii.service.FIIServiceTest</name>
      <duration>8.55</duration>
      <time>8.55</time>
      <enclosingBlocks/>
      <enclosingBlockNames/>
      <cases>
        <case>
          <duration>5.437</duration>
          <className>br.com.cotacao.fii.service.FIIServiceTest</className>
          <testName>compareFII</testName>
          <skipped>false</skipped>
          <failedSince>0</failedSince>
        </case>
        <case>
          <duration>1.95</duration>
          <className>br.com.cotacao.fii.service.FIIServiceTest</className>
          <testName>listagem</testName>
          <skipped>false</skipped>
          <failedSince>0</failedSince>
        </case>
        <case>
          <duration>1.155</duration>
          <className>br.com.cotacao.fii.service.FIIServiceTest</className>
          <testName>informacaoFII</testName>
          <skipped>false</skipped>
          <failedSince>0</failedSince>
        </case>
      </cases>
    </suite>
    <suite>
      <file>/var/jenkins_home/workspace/cotacao-teste/target/surefire-reports/TEST-br.com.cotacao.ws.CotacaoBCServiceTest.xml</file>
      <name>br.com.cotacao.ws.CotacaoBCServiceTest</name>
      <duration>18.835</duration>
      <time>18.835</time>
      <enclosingBlocks/>
      <enclosingBlockNames/>
      <cases>
        <case>
          <duration>1.229</duration>
          <className>br.com.cotacao.ws.CotacaoBCServiceTest</className>
          <testName>valorCotacaoPorData</testName>
          <skipped>false</skipped>
          <failedSince>0</failedSince>
        </case>
        <case>
          <duration>0.182</duration>
          <className>br.com.cotacao.ws.CotacaoBCServiceTest</className>
          <testName>valorCotacaoPorData25Marco2020</testName>
          <skipped>false</skipped>
          <failedSince>0</failedSince>
        </case>
      </cases>
    </suite>
  </suites>
  <duration>32.734</duration>
  <keepLongStdio>false</keepLongStdio>
</result>