<?xml version='1.1' encoding='UTF-8'?>
<result plugin="junit@1.53">
  <suites>
    <suite>
      <file>/var/jenkins_home/workspace/cotacao-teste/target/surefire-reports/TEST-br.com.cotacao.fii.service.CotacaoFIIServiceTest.xml</file>
      <name>br.com.cotacao.fii.service.CotacaoFIIServiceTest</name>
      <duration>7.606</duration>
      <time>7.606</time>
      <enclosingBlocks/>
      <enclosingBlockNames/>
      <cases>
        <case>
          <duration>2.806</duration>
          <className>br.com.cotacao.fii.service.CotacaoFIIServiceTest</className>
          <testName>comparaCotacao</testName>
          <skipped>false</skipped>
          <failedSince>0</failedSince>
        </case>
        <case>
          <duration>0.81</duration>
          <className>br.com.cotacao.fii.service.CotacaoFIIServiceTest</className>
          <testName>listaCotacaoDataAtual</testName>
          <skipped>false</skipped>
          <failedSince>0</failedSince>
        </case>
        <case>
          <duration>1.166</duration>
          <className>br.com.cotacao.fii.service.CotacaoFIIServiceTest</className>
          <testName>listaCotacao5Dias</testName>
          <skipped>false</skipped>
          <failedSince>0</failedSince>
        </case>
        <case>
          <duration>2.813</duration>
          <className>br.com.cotacao.fii.service.CotacaoFIIServiceTest</className>
          <testName>listaCotacao30Dias</testName>
          <skipped>false</skipped>
          <failedSince>0</failedSince>
        </case>
      </cases>
    </suite>
    <suite>
      <file>/var/jenkins_home/workspace/cotacao-teste/target/surefire-reports/TEST-br.com.cotacao.fii.service.FIIServiceTest.xml</file>
      <name>br.com.cotacao.fii.service.FIIServiceTest</name>
      <duration>8.81</duration>
      <time>8.81</time>
      <enclosingBlocks/>
      <enclosingBlockNames/>
      <cases>
        <case>
          <duration>6.245</duration>
          <className>br.com.cotacao.fii.service.FIIServiceTest</className>
          <testName>compareFII</testName>
          <skipped>false</skipped>
          <failedSince>0</failedSince>
        </case>
        <case>
          <duration>1.627</duration>
          <className>br.com.cotacao.fii.service.FIIServiceTest</className>
          <testName>listagem</testName>
          <skipped>false</skipped>
          <failedSince>0</failedSince>
        </case>
        <case>
          <duration>0.918</duration>
          <className>br.com.cotacao.fii.service.FIIServiceTest</className>
          <testName>informacaoFII</testName>
          <skipped>false</skipped>
          <failedSince>0</failedSince>
        </case>
      </cases>
    </suite>
    <suite>
      <file>/var/jenkins_home/workspace/cotacao-teste/target/surefire-reports/TEST-br.com.cotacao.ws.CotacaoBCServiceTest.xml</file>
      <name>br.com.cotacao.ws.CotacaoBCServiceTest</name>
      <duration>15.302</duration>
      <time>15.302</time>
      <enclosingBlocks/>
      <enclosingBlockNames/>
      <cases>
        <case>
          <duration>1.019</duration>
          <className>br.com.cotacao.ws.CotacaoBCServiceTest</className>
          <testName>valorCotacaoPorData</testName>
          <skipped>false</skipped>
          <failedSince>0</failedSince>
        </case>
        <case>
          <duration>0.205</duration>
          <className>br.com.cotacao.ws.CotacaoBCServiceTest</className>
          <testName>valorCotacaoPorData25Marco2020</testName>
          <skipped>false</skipped>
          <failedSince>0</failedSince>
        </case>
      </cases>
    </suite>
  </suites>
  <duration>31.718</duration>
  <keepLongStdio>false</keepLongStdio>
</result>