<?xml version='1.1' encoding='UTF-8'?>
<result plugin="junit@1.53">
  <suites>
    <suite>
      <file>/var/jenkins_home/workspace/cotacao-teste/target/surefire-reports/TEST-br.com.cotacao.fii.service.CotacaoFIIServiceTest.xml</file>
      <name>br.com.cotacao.fii.service.CotacaoFIIServiceTest</name>
      <duration>6.543</duration>
      <time>6.543</time>
      <enclosingBlocks/>
      <enclosingBlockNames/>
      <cases>
        <case>
          <duration>1.877</duration>
          <className>br.com.cotacao.fii.service.CotacaoFIIServiceTest</className>
          <testName>comparaCotacao</testName>
          <skipped>false</skipped>
          <failedSince>0</failedSince>
        </case>
        <case>
          <duration>0.737</duration>
          <className>br.com.cotacao.fii.service.CotacaoFIIServiceTest</className>
          <testName>listaCotacaoDataAtual</testName>
          <skipped>false</skipped>
          <failedSince>0</failedSince>
        </case>
        <case>
          <duration>2.858</duration>
          <className>br.com.cotacao.fii.service.CotacaoFIIServiceTest</className>
          <testName>listaCotacao5Dias</testName>
          <skipped>false</skipped>
          <failedSince>0</failedSince>
        </case>
        <case>
          <duration>1.063</duration>
          <className>br.com.cotacao.fii.service.CotacaoFIIServiceTest</className>
          <testName>listaCotacao30Dias</testName>
          <skipped>false</skipped>
          <failedSince>0</failedSince>
        </case>
      </cases>
    </suite>
    <suite>
      <file>/var/jenkins_home/workspace/cotacao-teste/target/surefire-reports/TEST-br.com.cotacao.fii.service.FIIServiceTest.xml</file>
      <name>br.com.cotacao.fii.service.FIIServiceTest</name>
      <duration>9.463</duration>
      <time>9.463</time>
      <enclosingBlocks/>
      <enclosingBlockNames/>
      <cases>
        <case>
          <duration>2.481</duration>
          <className>br.com.cotacao.fii.service.FIIServiceTest</className>
          <testName>compareFII</testName>
          <skipped>false</skipped>
          <failedSince>0</failedSince>
        </case>
        <case>
          <duration>3.502</duration>
          <className>br.com.cotacao.fii.service.FIIServiceTest</className>
          <testName>listagem</testName>
          <skipped>false</skipped>
          <failedSince>0</failedSince>
        </case>
        <case>
          <duration>3.466</duration>
          <className>br.com.cotacao.fii.service.FIIServiceTest</className>
          <testName>informacaoFII</testName>
          <skipped>false</skipped>
          <failedSince>0</failedSince>
        </case>
      </cases>
    </suite>
    <suite>
      <file>/var/jenkins_home/workspace/cotacao-teste/target/surefire-reports/TEST-br.com.cotacao.ws.CotacaoBCServiceTest.xml</file>
      <name>br.com.cotacao.ws.CotacaoBCServiceTest</name>
      <duration>17.304</duration>
      <time>17.304</time>
      <enclosingBlocks/>
      <enclosingBlockNames/>
      <cases>
        <case>
          <duration>1.132</duration>
          <className>br.com.cotacao.ws.CotacaoBCServiceTest</className>
          <testName>valorCotacaoPorData</testName>
          <skipped>false</skipped>
          <failedSince>0</failedSince>
        </case>
        <case>
          <duration>0.175</duration>
          <className>br.com.cotacao.ws.CotacaoBCServiceTest</className>
          <testName>valorCotacaoPorData25Marco2020</testName>
          <skipped>false</skipped>
          <failedSince>0</failedSince>
        </case>
      </cases>
    </suite>
  </suites>
  <duration>33.31</duration>
  <keepLongStdio>false</keepLongStdio>
</result>